************************************************** *************************************
|||* VERSÕES *
************************************************** *************************************

Esta atualização contém melhorias e corrige diversos problemas como indicado

|*|Version 3.2403.2.3027

* Número de blisters entregues na nota de entrega
* Mostrar a alteração efectuada no histórico de tratamento
* Incluir a temperatura e a humidade no carregamento manual
* Validar as embalagens blister por categoria com doentes seleccionados
* Entrega por categoria de embalagens blister seleccionadas
* Retomar o inventário dos medicamentos não registados em troca
* Incluir no rótulo a data de fim do tratamento não emblistável
* Rastreabilidade e consultas sobre o lote de blister utilizado
* Recuperar o inventário de medicamentos de uma embalagem blister descartada
* Descarregar documentos para a pasta correspondente em vez da raiz

|*|Version 3.2403.0.2968

* Nova integração com a Glintt
* Etiqueta MD-m.005

|*|Version 3.2401.0.2851

* Novo relatório imprimível de uma ou duas folhas
* Novo relatório de produção e entrega de embalagens blister

|*|Version 3.2310.3.2770

* Mudança nos requisitos do sistema (veja no manual)
* Correções de bugs FMD
* Modelos de tags de limite
* Opção para selecionar bolha normal ou 28+
* Estender o período de teste para 30 dias
* Melhore o backup do banco de dados
* Opção para abrir o teamViewer diretamente do FMD
* Etiqueta de tampas imprimíveis 
* Removida a proibição de inserir 7 dígitos em medicamentos criados manualmente

|*|Versão 2.1.3.2538

* Antes de uma nova lei em Portugal, foi incluído o texto legal correspondente ao imprimir um telefone nos dois rótulos dos blisters da máquina

|*|Versão 2.1.3.2516

* Novas etiquetas com lote e validade
* Opção para incluir o número de série do medicamento
* Opção para forçar o número de série do medicamento a ser inserido
* Opção para cada paciente imprimir o número de série na etiqueta
* Prevenir a introdução de medicamentos com número de série duplicado
* Sistema de backup aprimorado (últimos 5 dias + diretório opcional)

|*|Versão 2.1.3.2463

* Repita as tentativas de leitura de temperatura e umidade ao lançar cargas
* Nova versão do firmware da máquina 

|*|Versão 2.1.3.2443

* Nova Interface Farmacêutica - Dispensação de Medicamentos (Espanha)
* Nova Interface Farmática - DAC Blister Pack Preparation (Espanha)
* Correcção para leitura errada dos códigos datamatrix dos medicamentos

|*|Versão 2.1.2.2426

* BUG Fix No ecrã de carregamento são exibidos números negativos e não estão bem posicionados.
* BUG Fix Em alguns casos, as etiquetas não aparecem. Uma nova opção Gerar Etiquetas foi adicionada no menu de carregamento.
* BUG Corrigir problemas com grupos homogéneos em Portugal
* BUG Fix Apresentação incorrecta da conta IBAN na lista de facturação.

|*|versão 2.1.1.2422

* Nova interface do utilizador

* Nova possibilidade de agendar dias alternados do mês

* Nova opção para realizar nova carga sem sair do ecrã de lançamento de carga

* Nova possibilidade de definir e registar SOPs pela farmácia

* Nova possibilidade de escolher a ordem pelo tamanho da carga da droga na bolha

* Nova listagem com mudanças de tratamento entre duas bolhas

* Novo ecrã para controlar a aderência do paciente por medicação

* Nova possibilidade de indicar que um fármaco deve ser sempre empolado manualmente

* Nova possibilidade de definir um quinto tiro 

* Nova possibilidade de desfazer um retorno mal feito

* Novo ecrã para consulta de bolhas dentro do menu do paciente.

* Nova possibilidade de seleccionar a etiqueta a utilizar por paciente

* Nova possibilidade de gerir o inventário de medicamentos do paciente em caso de carga utilizando ficheiros de carga gerados em aplicações externas

* Nova possibilidade de indicar que um paciente não é gerido

* Novo ecrã para editar as bolhas individualmente

* Novo rótulo MD-M005

* Nova possibilidade de não validar automaticamente o tratamento quando o tratamento de um paciente é carregado

* Nova possibilidade de imprimir datas de validade e de lote nas etiquetas

* Novo Utilitário de modificação para bolhas preparadas
* Nova possibilidade de não calcular cargas no início do ecrã de carga por categoria
* Nova possibilidade de fazer cargas manuais sem desligar a máquina

|*|versão 1.1.20.2353

* Possibilidade de gerir o inventário de medicamentos em caso de carregamento a partir de um ficheiro

|*|Versão 1.1.20.2341

* BUG fixado no ecrã de auditoria

|*|Versão 1.1.20.2338

* Nova possibilidade de facturação de embalagens blisteres preparadas
* Novos dados para o preenchimento de documentos


a seguir:

|*|versão 1.1.19.2314

* Nova posologia mensal
* Novo dia par de posologia, dia ímpar
* Nova possibilidade de introduzir porções de 1/8
* Nova possibilidade de desenhar coração e pastilha em forma de triângulo
* Novo perfil de usuário só carrega
* Nova possibilidade de imprimir o nome do paciente no contra-rótulo
* Nova possibilidade de não imprimir QR nas etiquetas
* Nova possibilidade de criar tratamentos a partir da interface de dispensação
* Nova possibilidade de consultar todas as interfaces de dispensação feitas a um paciente.
* Nova possibilidade de introduzir o cartão de identificação do proprietário da farmácia
* Nova possibilidade de validar todas as cargas por categoria ao mesmo tempo
* Nova possibilidade de validar uma carga quando esta tiver sido concluída
* Nova possibilidade de obter todos os medicamentos emblisáveis do mesmo grupo homogéneo
* Nova possibilidade de salvar registros de processos. Limpeza de máquinas.
* Nova possibilidade de gerir o inventário de dois pacientes como um só.
* Nova possibilidade de introduzir novos dados da residência
* Nova possibilidade de assinatura electrónica de processos e documentos
* Nova possibilidade de desconto de medicamentos para tratamentos sem formação de bolhas (apenas para tratamentos prescritos)



|*|versão 1.1.18.2204

* Nova interface com vendas de medicamentos, Arquivo de Intrecambios
* Nova possibilidade de inserir avisos nos tratamentos
* Nova possibilidade de retirar medicamentos Bicapa
* Nova possibilidade de definir o nome abreviado do paciente
* Nova lista de pacientes que usam o mesmo medicamento
* Nova possibilidade de excluir e / ou modificar médicos
* Nova possibilidade de ver interações de dois pacientes ao mesmo tempo
* Nova possibilidade de definir tratamentos mensais
* Nova possibilidade de se conectar a outro usuário do aplicativo sem deixar este
* Novo Excel para listagens de dados do Excel
* Nova possibilidade de desenhar cápsulas moles e duras
* Nova possibilidade de salvar o lote e a expiração de medicamentos não emboláveis
* Nova possibilidade de modificar a posologia e características de um blister já feito
* Nova possibilidade de gerar cargas blister por lote e expiração
* Nova possibilidade de imprimir a data de validade de uma bolha
* Nova possibilidade de não imprimir o Código de Medicação nos rótulos
* Nova possibilidade de introduzir diretrizes de tratamento para medicamentos não emboláveis
* Nova tela de validação de carga por paciente
* Nova possibilidade de exportar dados de pacientes RGPD


|*|versão 1.0.16.1964
* Nova Conexão para Bot Plus 
* nova capacidade de imprimir todas as interações selecionado 
* Novo indicar em cargas se há menos de quinze dias para o final do tratamento
* Nova data de vencimento ou não de solicitação em lote de medicamentos não emblistables 
* Nova capacidade para manipular pacotes blister preparado 
* nova capacidade de imprimir a descrição de medicamentos não emblistables
* Nova possibilidade de tornar retorna por categorias 
* nova possibilidade de cargas a partir do arquivo 
* Nova capacidade para capturar imagens com câmera Webcam
* Nova possibilidade de utilização de leitores de códigos de barras conectado à máquina 
* nova possibilidade de ativar e desativar usuários do aplicativo


|*|versão 1.0.16.1843 

* Nova capacidade para imprimir documentos com LibreOffice e OpenOffice 
* Novas opções no sistema de segurança de acesso ao aplicativo. (Introduza a possibilidade de indicar o tamanho da chave, histórico de senhas, etc) 
* Nova possibilidade de utilização de um novo servidor de actualizações. 
* Realce o visor das medicações  parciais na tela de cargas 
* Nova Opção de apagamento parcial de cargas.
* Novo modelo de etiqueta MD-M003 
* Novo modelo de etiqueta manual blister MD-E002 
* Nova Opção de leitura de dados de códigos Datamatrix 
* Nova Opção em caso de cancelamento de um paciente, a possibilidade de excluir o seu inventário de medicamentos. 
* Coloque por padrão que você pode imprimir a lista de consentimento e médicos 
* Resolução de problemas detectados na versão anterior


|*|versão 1.0.15.1751

* Nova capacidade para imprimir documentos com LibreOffice e OpenOffice


|*|versão 1.0.14.1724

* Nova tela para atribuir os medicamentos para pacientes 
* Nova possibilidade de entrar data de início cálculo no cálculo das necessidades 
* Nova lista de medicações necessárias no ecrã do cálculo das necessidades 
* Nova possibilidade de inserir comentários no 
* Novas cargas de possibilidade de fazer cargas de mais de uma embalagem por paciente em cargas por categoria 
* Nova possibilidade de definicir mais do que um tratamento por paciente e o medicamento
* Nova opção para a obtenção de informações de conformidade com as embalagens blister
* Nova tela de consulta aderência pelo paciente

|*|versão 1.0.12.1590

* As mudanças no design dos rótulos

|*|versão 1.0.12.1444

* Nova possibilidade de selecionar os pacientes para seu nome 
* Novos campos para a inserção Numerto cartão de saúde  do paciente 
* Nova capacidade para imprimir os modelos de documentos do Word 
* Novo browser para obter as embalagens blister entregue por categoria
* Nova opção para habilitar ou desabilitar os tratamentos 
* Nova possibilidade de tirar recursos de cápsulas e coprimidos

|*|versão 1.0.11.1414
 
* Nova possibilidade de entrar no código retorna de medicamentos devolvidos 


|*| Versão 1.0.10.1348

* Resolver o problema da gestão interna do software

|*| Versão 1.0.10.1314

* Nova Carga manual
* Nova possibilidade de validar cargas
* Nova possibilidade de fazer cargas de menos de uma semana
* Nova possibilidade de definir os tratamentos de 1/3 e 2/3
* Nova consulta lista de tratamentos históricos 
* nova possibilidade de se obter tratamentos pos categorias 
* novas listagens de Mar consulta de tratamentos de pacientes
* Possibilidade de continuar a fazer as cargas por categorias, apesar do fato de que a máquina não está em estado de espera para ser carregado

|*| Versão 1.0.9.1242

* New shareware capacidade Get 15 dias
* Novo capacidade para indicar que uma droga não é enblistable emblistable para um paciente
* Novo capacidade de classificar colunas clicando duas vezes sobre o texto da coluna
* Novo capacidade de atualizar o inventário a partir da tela de upload, clicando duas vezes sobre o medicamento desejado
* Novo capacidade de consulta e drogas inventário
* Novo capacidade de calcular as necessidades de drogas antes de cargas futuras
* Novos medicamentos podem atribuir o mesmo lote e validade para pacientes que necessitam de Alloi eles.
* Limpa New possibilidade de cargas transportadas.
* Nova possibilidade de criar manualmente medicamentos Direction Shop. Essas cores indicam emblistables medicamentos definidos cone e não emblistables
* Nova lista indicando para cada blister albeolo lote e validade na droga.
* Novos anúncios visualização em tela com possibilidade de enviar e-mails da lista em formato PDF, bem como listagens cuardar em PDF, Excel ou RTF
* New salvaguarda das informações, mantendo uma cópia de cada dia da semana
* Corrigido o problema pacientos apagar quando tiveram cargas tratamentos realizados ou atribuídos
* Resolver o problema da quantidade de droga na outra receita pedido aparecien bolha no momento da entrega, Quando o tratamento foi definido em porções
* Resolver o problema da consulta de rastreabilidade de medicamentos desempenho


|*| Versão 1.0.6.1138

* Novo modelo MD-m.001 tag


|*| Versão 1.0.6.1114

* Alterações na concepção do rótulo


|*| Versão 1.0.6.1098

* Resolver o problema dos indicadores de gestão de estoque e fotografia no Blister
* Adicione traduções pendentes

|*| Versão 1.0.6.1062

* Nova funcinalidad gerir o tratamento histórico de um paciente
* Não mostrar dados de inventário em países sem drogas por pessoas (United Kingdom)
* Corrigido o problema Formato de data
* Nova tela para verificar os parâmetros da máquina

|*| Versão 1.0.5.1047

* Resolver o problema do parâmetro PRO cargas quando ativado
* Corrigido o problema da droga códigos italianos

|*|Versão 1.0.5.1018

* Nova possibilidade de encargos por categoria. Enquanto a versão UPC da máquina seja maior do que 2,0
* A habilidade para obter Nova por categoria, os pacientes que faltam medicamentos em falta ou drogas a uma carga por categoria por categoria
* Resolver o problema de notas longas e tratamentos alos add
* A habilidade para selecionar Nova processamento de linguagem
* A habilidade Novo para selecionar o país para baixar os arquivos de Medicamentos
* A habilidade Novo para imprimir o nome e número de telefone em rótulos Blister GP


|*|Versão 1.0.4.984

* A habilidade Novo para fazer entregas usando bolhas de armas leitor
* A habilidade Novo para imprimir cartões de paciente
* A habilidade Novo para inserir descrições de medicamentos personalizados


|*|Versão 1.0.3.955

* Solução de problemas de impressão das listagens
* A habilidade Novo para filtrar por categorias em Gerenciar / pedido / CARGAS.


|*|Versão 1.0.3.945

* Nova definição de posologia semanal
* Nova capacidade de criar e definir medicamentos e substâncias activas
* A capacidade de atribuir Nova tratamentos ativos
* A capacidade de atribuir Nova droga ativa nos estoques.
* A possibilidade de rastreabilidade Nova droga atribuído ao ativo
* A habilidade Novo para consulta atribuída a droga ativa em rótulos
* A habilidade para acessar Novo SPD gerstion de um paciente da lista de pacientes
* Solução de consultar dois lotes rastreabilidade diferente quando porções
* Mudar critérios carregamento de drogas. Torna-se drogas para menores de carga maior
* Solução de problemas de atualização do inventário de uma droga que não tem tratamento


|*|Versão 1.0.0.918

* Nova possibilidade de não tomar medicação inventário
* Novas definições de dosagens repetidas
    - Aumentar dias repetição ilimitada
    - Definir dia de dosagem de saída n n meticamentos dias de descanso
* Resolver o problema de rastreabilidade de cargas de seleção que teve mais de um lote
Solução * Não imprimir etiquetas de lote e validade preferências se não for exigido pela introdução deste.
* Solução de imprimir a etiqueta mesmo no final da carga

|*|Versão 1.0.0.879

* Corrigido um problema quando uma droga bem definido indicado como mal definida
  cargas na tela

|*|Versão 1.0.0.876

* Lote de impressão e de validade dos fármacos incluídos na carga
* Corrigido um problema quando uma droga vai para emblistable não emblistable
* Corrigido um problema de atualização do inventário com decimais para usar porções
* Corrigido um problema ao imprimir DNI repetido sem ter um novo paciente
  salvo anteriormente
* Corrigido um problema quando não há carga para transportar almofadas para uma das
  drogas
* Corrigido um problema de envio de e-mail de tela de preferências sab
* Corrigido um problema após a exclusão de auditoria de um paciente
* Maior confiabilidade no processo de actualização do firmware da máquina
* Nova configuração de IP do equipamento de modo a incluir, se necessário, DNS
* Impressão de lotes e datas de validade de cargas rótulos

|*|Versão 1.0.0.834

* Corrigido um problema que a máquina se conecta automaticamente para programar
* Corrigido um problema que não detectar que a máquina foi desligada da
  carregamento de tela
* Enviar os detalhes das actualizações aplicadas ao programa
* Melhor desempenho e confiabilidade do banco de dados
* Sistema de Registro máquina de FHC, a fim de usar o programa
* Sistema de proteção contra cópia de software que requer que uma máquina tem
  conectado e registrado para executar o programa
* Corrigido o problema com a impressão de etiquetas de cargas de consulta
* Novo campo para digitar a dosagem farmacêutica no rótulo
* Incluir assinatura do farmacêutico na lista de tratamentos


